Start testing: Nov 21 12:02 CET
----------------------------------------------------------
1/1 Testing: parse
1/1 Test: parse
Command: "/Users/tvan-der/Desktop/Cub3d/build/tests/parse_tests"
Directory: /Users/tvan-der/Desktop/Cub3d/build/tests
"parse" start time: Nov 21 12:02 CET
Output:
----------------------------------------------------------
[==========] Running 2 tests from 1 test suite.
[----------] Global test environment set-up.
[----------] 2 tests from return_double
[ RUN      ] return_double.basic_test1
[       OK ] return_double.basic_test1 (0 ms)
[ RUN      ] return_double.basic_test2
[       OK ] return_double.basic_test2 (0 ms)
[----------] 2 tests from return_double (0 ms total)

[----------] Global test environment tear-down
[==========] 2 tests from 1 test suite ran. (0 ms total)
[  PASSED  ] 2 tests.
<end of output>
Test time =   0.21 sec
----------------------------------------------------------
Test Passed.
"parse" end time: Nov 21 12:02 CET
"parse" time elapsed: 00:00:00
----------------------------------------------------------

End testing: Nov 21 12:02 CET
